n:\mathlib\obj\vector4.obj
n:\mathlib\obj\vector3.obj
n:\mathlib\obj\vector2.obj
n:\mathlib\obj\matrix4.obj
n:\mathlib\obj\matrix3.obj
n:\mathlib\obj\mathlib.idb
n:\mathlib\obj\mathlib.pdb
n:\mathlib\lib\x64\debug\mathlib.lib
n:\mathlib\dll\win32debug_dll\mathlib.ilk
n:\mathlib\dll\win32debug_dll\mathlib.dll
n:\mathlib\dll\win32debug_dll\mathlib.pdb
n:\mathlib\dll\x64debug_dll\mathlib.ilk
n:\mathlib\dll\x64debug_dll\mathlib.dll
n:\mathlib\dll\x64debug_dll\mathlib.pdb
n:\mathlib\obj\vc140.idb
n:\mathlib\obj\vc140.pdb
n:\mathlib\proj\vs2015\..\..\lib\win32\debug\mathlib.pdb
n:\mathlib\proj\vs2015\..\..\lib\win32\debug\mathlib.lib
n:\mathlib\obj\mathlib.tlog\cl.command.1.tlog
n:\mathlib\obj\mathlib.tlog\cl.read.1.tlog
n:\mathlib\obj\mathlib.tlog\cl.write.1.tlog
n:\mathlib\obj\mathlib.tlog\lib-link.read.1.tlog
n:\mathlib\obj\mathlib.tlog\lib-link.write.1.tlog
n:\mathlib\obj\mathlib.tlog\lib.command.1.tlog
n:\mathlib\obj\mathlib.tlog\link.command.1.tlog
n:\mathlib\obj\mathlib.tlog\link.read.1.tlog
n:\mathlib\obj\mathlib.tlog\link.write.1.tlog
